2014-08-29 08:56:02,603 ERROR ParTech.ImageLibrary.Core.Repositories.OrderRepository - partech - SaveInvoice - error [An error occurred while updating the entries. See the inner exception for details.] - - 
    at System.Data.Entity.Internal.InternalContext.SaveChanges()
   at System.Data.Entity.Internal.LazyInternalContext.SaveChanges()
   at System.Data.Entity.DbContext.SaveChanges()
   at ParTech.ImageLibrary.Core.Repositories.OrderRepository.SaveInvoice(Invoice invoice) in d:\Intern\ImageLibrary\ParTech.ImageLibrary.Core\Repositories\OrderRepository.cs:line 146 


2014-08-29 08:58:30,418 ERROR ParTech.ImageLibrary.Core.Repositories.OrderRepository - partech - SaveInvoice - error [An error occurred while updating the entries. See the inner exception for details.] - - 
    at System.Data.Entity.Internal.InternalContext.SaveChanges()
   at System.Data.Entity.Internal.LazyInternalContext.SaveChanges()
   at System.Data.Entity.DbContext.SaveChanges()
   at ParTech.ImageLibrary.Core.Repositories.OrderRepository.SaveInvoice(Invoice invoice) in d:\Intern\ImageLibrary\ParTech.ImageLibrary.Core\Repositories\OrderRepository.cs:line 146 


2014-08-29 09:35:34,391 ERROR ParTech.ImageLibrary.Core.Repositories.OrderRepository - partech - SaveInvoice - error [An error occurred while updating the entries. See the inner exception for details.] - - 
    at System.Data.Entity.Internal.InternalContext.SaveChanges()
   at System.Data.Entity.Internal.LazyInternalContext.SaveChanges()
   at System.Data.Entity.DbContext.SaveChanges()
   at ParTech.ImageLibrary.Core.Repositories.OrderRepository.SaveInvoice(Invoice invoice) in d:\Intern\ImageLibrary\ParTech.ImageLibrary.Core\Repositories\OrderRepository.cs:line 153 


2014-08-29 09:40:54,482 ERROR ParTech.ImageLibrary.Core.Repositories.OrderRepository - partech - SaveInvoice - error [An error occurred while updating the entries. See the inner exception for details.] - - 
    at System.Data.Entity.Internal.InternalContext.SaveChanges()
   at System.Data.Entity.Internal.LazyInternalContext.SaveChanges()
   at System.Data.Entity.DbContext.SaveChanges()
   at ParTech.ImageLibrary.Core.Repositories.OrderRepository.SaveInvoice(Invoice invoice) in d:\Intern\ImageLibrary\ParTech.ImageLibrary.Core\Repositories\OrderRepository.cs:line 153 


2014-08-29 09:44:38,198 ERROR ParTech.ImageLibrary.Core.Repositories.OrderRepository - partech - SaveInvoice - error [An error occurred while updating the entries. See the inner exception for details.] - - 
    at System.Data.Entity.Internal.InternalContext.SaveChanges()
   at ParTech.ImageLibrary.Core.Repositories.OrderRepository.SaveInvoice(Invoice invoice) in d:\Intern\ImageLibrary\ParTech.ImageLibrary.Core\Repositories\OrderRepository.cs:line 153 


2014-08-29 11:12:27,602 ERROR ParTech.ImageLibrary.Core.Repositories.ObjectRepository - partech - GetLoggedEvent - error [Non-static method requires a target.] - - 
    at System.Reflection.RuntimeMethodInfo.CheckConsistency(Object target)
   at System.Reflection.RuntimeMethodInfo.InvokeArgumentsCheck(Object obj, BindingFlags invokeAttr, Binder binder, Object[] parameters, CultureInfo culture)
   at System.Reflection.RuntimeMethodInfo.Invoke(Object obj, BindingFlags invokeAttr, Binder binder, Object[] parameters, CultureInfo culture)
   at System.Reflection.RuntimePropertyInfo.GetValue(Object obj, Object[] index)
   at System.Data.Entity.Core.Objects.ELinq.QueryParameterExpression.TryGetFieldOrPropertyValue(MemberExpression me, Object instance, Object& memberValue)
   at System.Data.Entity.Core.Objects.ELinq.QueryParameterExpression.TryEvaluatePath(Expression expression, ConstantExpression& constantExpression)
   at System.Data.Entity.Core.Objects.ELinq.QueryParameterExpression.EvaluateParameter(Object[] arguments)
   at System.Data.Entity.Core.Objects.ELinq.ELinqQueryState.GetExecutionPlan(Nullable`1 forMergeOption)
   at System.Data.Entity.Core.Objects.ObjectQuery`1.<>c__DisplayClass7.<GetResults>b__6()
   at System.Data.Entity.Core.Objects.ObjectContext.ExecuteInTransaction[T](Func`1 func, IDbExecutionStrategy executionStrategy, Boolean startLocalTransaction, Boolean releaseConnectionOnSuccess)
   at System.Data.Entity.Core.Objects.ObjectQuery`1.<>c__DisplayClass7.<GetResults>b__5()
   at System.Data.Entity.SqlServer.DefaultSqlExecutionStrategy.Execute[TResult](Func`1 operation)
   at System.Data.Entity.Core.Objects.ObjectQuery`1.GetResults(Nullable`1 forMergeOption)
   at System.Data.Entity.Core.Objects.ObjectQuery`1.<System.Collections.Generic.IEnumerable<T>.GetEnumerator>b__0()
   at System.Data.Entity.Internal.LazyEnumerator`1.MoveNext()
   at System.Linq.Enumerable.SingleOrDefault[TSource](IEnumerable`1 source)
   at System.Linq.Queryable.SingleOrDefault[TSource](IQueryable`1 source, Expression`1 predicate)
   at ParTech.ImageLibrary.Core.Repositories.ObjectRepository.GetLoggedEvent(Int32 loggedEventId) in d:\Intern\ImageLibrary\ParTech.ImageLibrary.Core\Repositories\ObjectRepository.cs:line 992 


2014-08-29 11:16:45,615 ERROR ParTech.ImageLibrary.Core.Repositories.ObjectRepository - partech - GetLoggedEvent - error [Non-static method requires a target.] - - 
    at System.Reflection.RuntimeMethodInfo.CheckConsistency(Object target)
   at System.Reflection.RuntimeMethodInfo.InvokeArgumentsCheck(Object obj, BindingFlags invokeAttr, Binder binder, Object[] parameters, CultureInfo culture)
   at System.Reflection.RuntimeMethodInfo.Invoke(Object obj, BindingFlags invokeAttr, Binder binder, Object[] parameters, CultureInfo culture)
   at System.Reflection.RuntimePropertyInfo.GetValue(Object obj, Object[] index)
   at System.Data.Entity.Core.Objects.ELinq.QueryParameterExpression.TryGetFieldOrPropertyValue(MemberExpression me, Object instance, Object& memberValue)
   at System.Data.Entity.Core.Objects.ELinq.QueryParameterExpression.TryEvaluatePath(Expression expression, ConstantExpression& constantExpression)
   at System.Data.Entity.Core.Objects.ELinq.QueryParameterExpression.EvaluateParameter(Object[] arguments)
   at System.Data.Entity.Core.Objects.ELinq.ELinqQueryState.GetExecutionPlan(Nullable`1 forMergeOption)
   at System.Data.Entity.Core.Objects.ObjectQuery`1.<>c__DisplayClass7.<GetResults>b__6()
   at System.Data.Entity.Core.Objects.ObjectContext.ExecuteInTransaction[T](Func`1 func, IDbExecutionStrategy executionStrategy, Boolean startLocalTransaction, Boolean releaseConnectionOnSuccess)
   at System.Data.Entity.Core.Objects.ObjectQuery`1.<>c__DisplayClass7.<GetResults>b__5()
   at System.Data.Entity.SqlServer.DefaultSqlExecutionStrategy.Execute[TResult](Func`1 operation)
   at System.Data.Entity.Core.Objects.ObjectQuery`1.GetResults(Nullable`1 forMergeOption)
   at System.Data.Entity.Core.Objects.ObjectQuery`1.<System.Collections.Generic.IEnumerable<T>.GetEnumerator>b__0()
   at System.Data.Entity.Internal.LazyEnumerator`1.MoveNext()
   at System.Linq.Enumerable.SingleOrDefault[TSource](IEnumerable`1 source)
   at System.Linq.Queryable.SingleOrDefault[TSource](IQueryable`1 source, Expression`1 predicate)
   at ParTech.ImageLibrary.Core.Repositories.ObjectRepository.GetLoggedEvent(Int32 loggedEventId) in d:\Intern\ImageLibrary\ParTech.ImageLibrary.Core\Repositories\ObjectRepository.cs:line 992 


2014-08-29 11:19:16,622 ERROR ParTech.ImageLibrary.Core.Repositories.ObjectRepository - partech - GetLoggedEvent - error [Non-static method requires a target.] - - 
    at System.Reflection.RuntimeMethodInfo.CheckConsistency(Object target)
   at System.Reflection.RuntimeMethodInfo.InvokeArgumentsCheck(Object obj, BindingFlags invokeAttr, Binder binder, Object[] parameters, CultureInfo culture)
   at System.Reflection.RuntimeMethodInfo.Invoke(Object obj, BindingFlags invokeAttr, Binder binder, Object[] parameters, CultureInfo culture)
   at System.Reflection.RuntimePropertyInfo.GetValue(Object obj, Object[] index)
   at System.Data.Entity.Core.Objects.ELinq.QueryParameterExpression.TryGetFieldOrPropertyValue(MemberExpression me, Object instance, Object& memberValue)
   at System.Data.Entity.Core.Objects.ELinq.QueryParameterExpression.TryEvaluatePath(Expression expression, ConstantExpression& constantExpression)
   at System.Data.Entity.Core.Objects.ELinq.QueryParameterExpression.EvaluateParameter(Object[] arguments)
   at System.Data.Entity.Core.Objects.ELinq.ELinqQueryState.GetExecutionPlan(Nullable`1 forMergeOption)
   at System.Data.Entity.Core.Objects.ObjectQuery`1.<>c__DisplayClass7.<GetResults>b__6()
   at System.Data.Entity.Core.Objects.ObjectContext.ExecuteInTransaction[T](Func`1 func, IDbExecutionStrategy executionStrategy, Boolean startLocalTransaction, Boolean releaseConnectionOnSuccess)
   at System.Data.Entity.Core.Objects.ObjectQuery`1.<>c__DisplayClass7.<GetResults>b__5()
   at System.Data.Entity.SqlServer.DefaultSqlExecutionStrategy.Execute[TResult](Func`1 operation)
   at System.Data.Entity.Core.Objects.ObjectQuery`1.GetResults(Nullable`1 forMergeOption)
   at System.Data.Entity.Core.Objects.ObjectQuery`1.<System.Collections.Generic.IEnumerable<T>.GetEnumerator>b__0()
   at System.Data.Entity.Internal.LazyEnumerator`1.MoveNext()
   at System.Linq.Enumerable.SingleOrDefault[TSource](IEnumerable`1 source)
   at System.Linq.Queryable.SingleOrDefault[TSource](IQueryable`1 source, Expression`1 predicate)
   at ParTech.ImageLibrary.Core.Repositories.ObjectRepository.GetLoggedEvent(Int32 loggedEventId) in d:\Intern\ImageLibrary\ParTech.ImageLibrary.Core\Repositories\ObjectRepository.cs:line 992 


2014-08-29 11:27:53,811 ERROR ParTech.ImageLibrary.Core.Repositories.OrderRepository - partech - GetInvoiceAndContext - error [A specified Include path is not valid. The EntityType 'ParTech.ImageLibrary.Core.Models.Invoice' does not declare a navigation property with the name 'Salutations'.] - - 
    at System.Data.Entity.Core.Objects.Internal.ObjectFullSpanRewriter.ConvertSpanPath(SpanPathInfo parentInfo, List`1 navPropNames, Int32 pos)
   at System.Data.Entity.Core.Objects.Internal.ObjectFullSpanRewriter..ctor(DbCommandTree tree, DbExpression toRewrite, Span span, AliasGenerator aliasGenerator)
   at System.Data.Entity.Core.Objects.Internal.ObjectSpanRewriter.TryRewrite(DbQueryCommandTree tree, Span span, MergeOption mergeOption, AliasGenerator aliasGenerator, DbExpression& newQuery, SpanIndex& spanInfo)
   at System.Data.Entity.Core.Objects.Internal.ObjectQueryExecutionPlanFactory.Prepare(ObjectContext context, DbQueryCommandTree tree, Type elementType, MergeOption mergeOption, Boolean streaming, Span span, IEnumerable`1 compiledQueryParameters, AliasGenerator aliasGenerator)
   at System.Data.Entity.Core.Objects.ELinq.ELinqQueryState.GetExecutionPlan(Nullable`1 forMergeOption)
   at System.Data.Entity.Core.Objects.ObjectQuery`1.<>c__DisplayClass7.<GetResults>b__6()
   at System.Data.Entity.Core.Objects.ObjectContext.ExecuteInTransaction[T](Func`1 func, IDbExecutionStrategy executionStrategy, Boolean startLocalTransaction, Boolean releaseConnectionOnSuccess)
   at System.Data.Entity.Core.Objects.ObjectQuery`1.<>c__DisplayClass7.<GetResults>b__5()
   at System.Data.Entity.SqlServer.DefaultSqlExecutionStrategy.Execute[TResult](Func`1 operation)
   at System.Data.Entity.Core.Objects.ObjectQuery`1.GetResults(Nullable`1 forMergeOption)
   at System.Data.Entity.Core.Objects.ObjectQuery`1.<System.Collections.Generic.IEnumerable<T>.GetEnumerator>b__0()
   at System.Data.Entity.Internal.LazyEnumerator`1.MoveNext()
   at System.Linq.Enumerable.FirstOrDefault[TSource](IEnumerable`1 source)
   at System.Linq.Queryable.FirstOrDefault[TSource](IQueryable`1 source)
   at ParTech.ImageLibrary.Core.Repositories.OrderRepository.GetInvoiceAndContext(Int32 invoiceId) in d:\Intern\ImageLibrary\ParTech.ImageLibrary.Core\Repositories\OrderRepository.cs:line 114 


